<?xml version="1.0" encoding="UTF-8"?>
<!-- Generated by org.testng.reporters.JUnitXMLReporter -->
<testsuite hostname="PC346141" name="Test" tests="1" failures="1" timestamp="25 Apr 2018 12:01:04 GMT" time="0.149" errors="0">
  <testcase name="validateFile" time="0.008" classname="com.fifthgen.unittest.PortfolioTest">
    <failure type="java.lang.Error" message="Unresolved compilation problem: 
	The method readFile() in the type Portfolio is not applicable for the arguments (String)
">
      <![CDATA[java.lang.Error: Unresolved compilation problem: 
	The method readFile() in the type Portfolio is not applicable for the arguments (String)

	at com.fifthgen.unittest.PortfolioTest.validateFile(PortfolioTest.java:15)
... Removed 24 stack frames]]>
    </failure>
  </testcase> <!-- validateFile -->
</testsuite> <!-- Test -->
